2021-05-17 14:02:21[auth.js] info: "categories listed successfully.."
2021-05-17 14:02:21[auth.js] info: "products listed successfully"
2021-05-17 14:02:22[auth.js] info: "product found"
2021-05-17 14:02:22[auth.js] info: "product found"
2021-05-17 14:02:22[auth.js] info: "products listed successfully"
2021-05-17 14:02:22[auth.js] info: "product found"
2021-05-17 14:02:22[auth.js] info: "product found"
2021-05-17 14:02:22[auth.js] info: "product found"
2021-05-17 14:02:24[auth.js] info: "Signout success"
2021-05-17 14:04:01[auth.js] info: "categories listed successfully.."
2021-05-17 14:04:01[auth.js] info: "products listed successfully"
2021-05-17 14:04:01[auth.js] info: "products listed successfully"
2021-05-17 14:04:24[auth.js] info: "Signout success"
2021-05-17 14:04:33[auth.js] info: "categories listed successfully.."
2021-05-17 14:04:33[auth.js] info: "products listed successfully"
2021-05-17 14:04:33[auth.js] info: "products listed successfully"
2021-05-17 14:05:00[auth.js] info: "product found"
2021-05-17 14:05:00[auth.js] info: "product found"
2021-05-17 14:05:18[auth.js] info: "Signout success"
2021-05-17 14:05:18[auth.js] info: "categories listed successfully.."
2021-05-17 14:05:18[auth.js] info: "products listed successfully"
2021-05-17 14:05:18[auth.js] info: "products listed successfully"
2021-05-17 14:06:01[auth.js] info: "Signout success"
2021-05-17 14:06:01[auth.js] info: "categories listed successfully.."
2021-05-17 14:06:01[auth.js] info: "products listed successfully"
2021-05-17 14:06:01[auth.js] info: "products listed successfully"
2021-05-17 14:06:18[auth.js] info: "categories listed successfully.."
2021-05-17 14:06:18[auth.js] info: "products listed successfully"
2021-05-17 14:06:18[auth.js] info: "products listed successfully"
2021-05-17 14:06:23[auth.js] info: "product found"
2021-05-17 14:06:23[auth.js] info: "product found"
2021-05-17 14:06:27[auth.js] info: "categories listed successfully.."
2021-05-17 14:06:27[auth.js] info: "products listed successfully"
2021-05-17 14:06:27[auth.js] info: "products listed successfully"
2021-05-17 14:07:09[auth.js] info: "categories listed successfully.."
2021-05-17 14:07:09[auth.js] info: "products listed successfully"
2021-05-17 14:07:09[auth.js] info: "products listed successfully"
2021-05-17 14:07:26[auth.js] info: "categories listed successfully.."
2021-05-17 14:07:26[auth.js] info: "products listed successfully"
2021-05-17 14:07:26[auth.js] info: "products listed successfully"
2021-05-17 14:07:42[auth.js] info: "categories listed successfully.."
2021-05-17 14:07:42[auth.js] info: "products listed successfully"
2021-05-17 14:07:42[auth.js] info: "products listed successfully"
2021-05-17 14:07:52[auth.js] info: "category created succesfully"
2021-05-17 14:07:55[auth.js] info: "categories listed successfully.."
2021-05-17 14:07:55[auth.js] info: "products listed successfully"
2021-05-17 14:07:55[auth.js] info: "products listed successfully"
