2021-05-16 20:31:55[auth.js] info: "email is already taken"
2021-05-16 20:31:55[auth.js] info: {"error":"Email is taken"}
2021-05-16 20:33:06[auth.js] info: "email is already taken"
2021-05-16 20:33:06[auth.js] info: {"error":"Email is taken"}
2021-05-16 20:33:06[auth.js] info: "login failed"
2021-05-16 20:36:56[auth.js] info: "email is already taken"
2021-05-16 20:36:56[auth.js] info: {"error":"Email is taken"}
2021-05-16 20:37:32[auth.js] info: "email is already taken"
2021-05-16 20:37:32[auth.js] info: {"error":"Email is taken"}
2021-05-16 20:37:32[auth.js] info: "login failed"
2021-05-16 20:42:46[auth.js] info: "categories listed successfully.."
2021-05-16 20:42:46[auth.js] info: "products listed successfully"
2021-05-16 20:42:46[auth.js] info: "products listed successfully"
2021-05-16 20:42:47[auth.js] info: "product found"
2021-05-16 20:42:47[auth.js] info: "product found"
2021-05-16 20:42:47[auth.js] info: "product found"
2021-05-16 20:42:47[auth.js] info: "product found"
2021-05-16 20:50:27[auth.js] info: "categories listed successfully.."
2021-05-16 20:50:27[auth.js] info: "products listed successfully"
2021-05-16 20:50:27[auth.js] info: "products listed successfully"
2021-05-16 20:50:29[auth.js] info: "categories listed successfully.."
2021-05-16 20:50:29[auth.js] info: "products listed successfully"
2021-05-16 20:50:29[auth.js] info: "products listed successfully"
2021-05-16 20:50:29[auth.js] info: "product found"
2021-05-16 20:50:29[auth.js] info: "product found"
2021-05-16 20:50:29[auth.js] info: "product found"
2021-05-16 20:50:29[auth.js] info: "product found"
2021-05-16 20:50:32[auth.js] info: "Signout success"
2021-05-16 20:50:42[auth.js] info: " Email already exists.Failed to signup"
2021-05-16 20:51:11[auth.js] info: "email and password do not match"
2021-05-16 20:51:29[auth.js] info: "categories listed successfully.."
2021-05-16 20:51:33[auth.js] info: "categories listed successfully.."
2021-05-16 20:51:33[auth.js] info: "products listed successfully"
2021-05-16 20:51:33[auth.js] info: "products listed successfully"
2021-05-16 20:52:16[auth.js] info: "categories listed successfully.."
2021-05-16 20:52:16[auth.js] info: "products listed successfully"
2021-05-16 20:52:16[auth.js] info: "products listed successfully"
2021-05-16 20:53:24[auth.js] info: "products listed successfully"
2021-05-16 20:53:27[auth.js] info: "categories listed successfully.."
2021-05-16 20:53:27[auth.js] info: "products listed successfully"
2021-05-16 20:53:27[auth.js] info: "products listed successfully"
2021-05-16 20:53:37[auth.js] info: "categories listed successfully.."
2021-05-16 20:53:37[auth.js] info: "products listed successfully"
2021-05-16 20:53:37[auth.js] info: "products listed successfully"
